
Start-Date: 2020-07-31  16:31:44
Commandline: apt-get install --reinstall adduser
Reinstall: adduser:amd64 (3.118ubuntu2)
End-Date: 2020-07-31  16:31:48

Start-Date: 2020-07-31  16:31:55
Commandline: apt-get install --reinstall apt
Reinstall: apt:amd64 (2.0.2)
End-Date: 2020-07-31  16:32:01

Start-Date: 2020-07-31  16:32:08
Commandline: apt-get install --reinstall base-files
Reinstall: base-files:amd64 (11ubuntu5)
End-Date: 2020-07-31  16:32:12

Start-Date: 2020-07-31  16:32:18
Commandline: apt-get install --reinstall base-passwd
Reinstall: base-passwd:amd64 (3.5.47)
End-Date: 2020-07-31  16:32:22

Start-Date: 2020-07-31  16:32:28
Commandline: apt-get install --reinstall bash
Reinstall: bash:amd64 (5.0-6ubuntu1)
End-Date: 2020-07-31  16:32:32

Start-Date: 2020-07-31  16:32:39
Commandline: apt-get install --reinstall bsdutils
Reinstall: bsdutils:amd64 (1:2.34-0.1ubuntu9)
End-Date: 2020-07-31  16:32:43

Start-Date: 2020-07-31  16:32:49
Commandline: apt-get install --reinstall bzip2
Reinstall: bzip2:amd64 (1.0.8-2)
End-Date: 2020-07-31  16:32:52

Start-Date: 2020-07-31  16:32:58
Commandline: apt-get install --reinstall coreutils
Reinstall: coreutils:amd64 (8.30-3ubuntu2)
End-Date: 2020-07-31  16:33:02

Start-Date: 2020-07-31  16:33:09
Commandline: apt-get install --reinstall dash
Reinstall: dash:amd64 (0.5.10.2-6)
End-Date: 2020-07-31  16:33:13

Start-Date: 2020-07-31  16:33:19
Commandline: apt-get install --reinstall debconf
Reinstall: debconf:amd64 (1.5.73)
End-Date: 2020-07-31  16:33:23

Start-Date: 2020-07-31  16:33:29
Commandline: apt-get install --reinstall debianutils
Reinstall: debianutils:amd64 (4.9.1)
End-Date: 2020-07-31  16:33:33

Start-Date: 2020-07-31  16:33:40
Commandline: apt-get install --reinstall diffutils
Reinstall: diffutils:amd64 (1:3.7-3)
End-Date: 2020-07-31  16:33:43

Start-Date: 2020-07-31  16:33:49
Commandline: apt-get install --reinstall dpkg
Reinstall: dpkg:amd64 (1.19.7ubuntu3)
End-Date: 2020-07-31  16:33:53

Start-Date: 2020-07-31  16:34:00
Commandline: apt-get install --reinstall e2fsprogs
Reinstall: e2fsprogs:amd64 (1.45.5-2ubuntu1)
End-Date: 2020-07-31  16:34:04

Start-Date: 2020-07-31  16:34:11
Commandline: apt-get install --reinstall fdisk
Reinstall: fdisk:amd64 (2.34-0.1ubuntu9)
End-Date: 2020-07-31  16:34:14

Start-Date: 2020-07-31  16:34:20
Commandline: apt-get install --reinstall findutils
Reinstall: findutils:amd64 (4.7.0-1ubuntu1)
End-Date: 2020-07-31  16:34:23

Start-Date: 2020-07-31  16:34:29
Commandline: apt-get install --reinstall gcc-10-base:amd64
Reinstall: gcc-10-base:amd64 (10-20200411-0ubuntu1)
End-Date: 2020-07-31  16:34:33

Start-Date: 2020-07-31  16:34:39
Commandline: apt-get install --reinstall gpgv
Reinstall: gpgv:amd64 (2.2.19-3ubuntu2)
End-Date: 2020-07-31  16:34:43

Start-Date: 2020-07-31  16:34:49
Commandline: apt-get install --reinstall grep
Reinstall: grep:amd64 (3.4-1)
End-Date: 2020-07-31  16:34:53

Start-Date: 2020-07-31  16:34:59
Commandline: apt-get install --reinstall gzip
Reinstall: gzip:amd64 (1.10-0ubuntu4)
End-Date: 2020-07-31  16:35:03

Start-Date: 2020-07-31  16:35:09
Commandline: apt-get install --reinstall hostname
Reinstall: hostname:amd64 (3.23)
End-Date: 2020-07-31  16:35:12

Start-Date: 2020-07-31  16:35:18
Commandline: apt-get install --reinstall init-system-helpers
Reinstall: init-system-helpers:amd64 (1.57)
End-Date: 2020-07-31  16:35:22

Start-Date: 2020-07-31  16:35:28
Commandline: apt-get install --reinstall libacl1:amd64
Reinstall: libacl1:amd64 (2.2.53-6)
End-Date: 2020-07-31  16:35:33

Start-Date: 2020-07-31  16:35:40
Commandline: apt-get install --reinstall libapt-pkg6.0:amd64
Reinstall: libapt-pkg6.0:amd64 (2.0.2)
End-Date: 2020-07-31  16:35:43

Start-Date: 2020-07-31  16:35:50
Commandline: apt-get install --reinstall libattr1:amd64
Reinstall: libattr1:amd64 (1:2.4.48-5)
End-Date: 2020-07-31  16:35:54

Start-Date: 2020-07-31  16:36:01
Commandline: apt-get install --reinstall libaudit-common
Reinstall: libaudit-common:amd64 (1:2.8.5-2ubuntu6)
End-Date: 2020-07-31  16:36:04

Start-Date: 2020-07-31  16:36:11
Commandline: apt-get install --reinstall libaudit1:amd64
Reinstall: libaudit1:amd64 (1:2.8.5-2ubuntu6)
End-Date: 2020-07-31  16:36:14

Start-Date: 2020-07-31  16:36:21
Commandline: apt-get install --reinstall libblkid1:amd64
Reinstall: libblkid1:amd64 (2.34-0.1ubuntu9)
End-Date: 2020-07-31  16:36:24

Start-Date: 2020-07-31  16:36:30
Commandline: apt-get install --reinstall libbz2-1.0:amd64
Reinstall: libbz2-1.0:amd64 (1.0.8-2)
End-Date: 2020-07-31  16:36:33

Start-Date: 2020-07-31  16:36:40
Commandline: apt-get install --reinstall libc-bin
Reinstall: libc-bin:amd64 (2.31-0ubuntu9)
End-Date: 2020-07-31  16:36:43

Start-Date: 2020-07-31  16:36:51
Commandline: apt-get install --reinstall libc6:amd64
Reinstall: libc6:amd64 (2.31-0ubuntu9)
End-Date: 2020-07-31  16:36:58

Start-Date: 2020-07-31  16:37:05
Commandline: apt-get install --reinstall libcap-ng0:amd64
Reinstall: libcap-ng0:amd64 (0.7.9-2.1build1)
End-Date: 2020-07-31  16:37:09

Start-Date: 2020-07-31  16:37:15
Commandline: apt-get install --reinstall libcom-err2:amd64
Reinstall: libcom-err2:amd64 (1.45.5-2ubuntu1)
End-Date: 2020-07-31  16:37:18

Start-Date: 2020-07-31  16:37:24
Commandline: apt-get install --reinstall libcrypt1:amd64
Reinstall: libcrypt1:amd64 (1:4.4.10-10ubuntu4)
End-Date: 2020-07-31  16:37:27

Start-Date: 2020-07-31  16:37:33
Commandline: apt-get install --reinstall libdb5.3:amd64
Reinstall: libdb5.3:amd64 (5.3.28+dfsg1-0.6ubuntu2)
End-Date: 2020-07-31  16:37:37

Start-Date: 2020-07-31  16:37:43
Commandline: apt-get install --reinstall libdebconfclient0:amd64
Reinstall: libdebconfclient0:amd64 (0.251ubuntu1)
End-Date: 2020-07-31  16:37:46

Start-Date: 2020-07-31  16:37:53
Commandline: apt-get install --reinstall libext2fs2:amd64
Reinstall: libext2fs2:amd64 (1.45.5-2ubuntu1)
End-Date: 2020-07-31  16:37:55

Start-Date: 2020-07-31  16:38:02
Commandline: apt-get install --reinstall libfdisk1:amd64
Reinstall: libfdisk1:amd64 (2.34-0.1ubuntu9)
End-Date: 2020-07-31  16:38:05

Start-Date: 2020-07-31  16:38:12
Commandline: apt-get install --reinstall libffi7:amd64
Reinstall: libffi7:amd64 (3.3-4)
End-Date: 2020-07-31  16:38:16

Start-Date: 2020-07-31  16:38:22
Commandline: apt-get install --reinstall libgcc-s1:amd64
Reinstall: libgcc-s1:amd64 (10-20200411-0ubuntu1)
End-Date: 2020-07-31  16:38:25

Start-Date: 2020-07-31  16:38:32
Commandline: apt-get install --reinstall libgcrypt20:amd64
Reinstall: libgcrypt20:amd64 (1.8.5-5ubuntu1)
End-Date: 2020-07-31  16:38:35

Start-Date: 2020-07-31  16:38:42
Commandline: apt-get install --reinstall libgmp10:amd64
Reinstall: libgmp10:amd64 (2:6.2.0+dfsg-4)
End-Date: 2020-07-31  16:38:45

Start-Date: 2020-07-31  16:38:52
Commandline: apt-get install --reinstall libgnutls30:amd64
Reinstall: libgnutls30:amd64 (3.6.13-2ubuntu1)
End-Date: 2020-07-31  16:38:55

Start-Date: 2020-07-31  16:39:01
Commandline: apt-get install --reinstall libgpg-error0:amd64
Reinstall: libgpg-error0:amd64 (1.37-1)
End-Date: 2020-07-31  16:39:06

Start-Date: 2020-07-31  16:39:12
Commandline: apt-get install --reinstall libhogweed5:amd64
Reinstall: libhogweed5:amd64 (3.5.1+really3.5.1-2)
End-Date: 2020-07-31  16:39:16

Start-Date: 2020-07-31  16:39:22
Commandline: apt-get install --reinstall libidn2-0:amd64
Reinstall: libidn2-0:amd64 (2.2.0-2)
End-Date: 2020-07-31  16:39:26

Start-Date: 2020-07-31  16:39:33
Commandline: apt-get install --reinstall liblz4-1:amd64
Reinstall: liblz4-1:amd64 (1.9.2-2)
End-Date: 2020-07-31  16:39:37

Start-Date: 2020-07-31  16:39:44
Commandline: apt-get install --reinstall liblzma5:amd64
Reinstall: liblzma5:amd64 (5.2.4-1)
End-Date: 2020-07-31  16:39:48

Start-Date: 2020-07-31  16:39:54
Commandline: apt-get install --reinstall libmount1:amd64
Reinstall: libmount1:amd64 (2.34-0.1ubuntu9)
End-Date: 2020-07-31  16:39:58

Start-Date: 2020-07-31  16:40:05
Commandline: apt-get install --reinstall libncurses6:amd64
Reinstall: libncurses6:amd64 (6.2-0ubuntu2)
End-Date: 2020-07-31  16:40:08

Start-Date: 2020-07-31  16:40:14
Commandline: apt-get install --reinstall libncursesw6:amd64
Reinstall: libncursesw6:amd64 (6.2-0ubuntu2)
End-Date: 2020-07-31  16:40:18

Start-Date: 2020-07-31  16:40:24
Commandline: apt-get install --reinstall libnettle7:amd64
Reinstall: libnettle7:amd64 (3.5.1+really3.5.1-2)
End-Date: 2020-07-31  16:40:27

Start-Date: 2020-07-31  16:40:33
Commandline: apt-get install --reinstall libp11-kit0:amd64
Reinstall: libp11-kit0:amd64 (0.23.20-1build1)
End-Date: 2020-07-31  16:40:37

Start-Date: 2020-07-31  16:40:44
Commandline: apt-get install --reinstall libpam-modules:amd64
Reinstall: libpam-modules:amd64 (1.3.1-5ubuntu4)
End-Date: 2020-07-31  16:40:48

Start-Date: 2020-07-31  16:40:54
Commandline: apt-get install --reinstall libpam-modules-bin
Reinstall: libpam-modules-bin:amd64 (1.3.1-5ubuntu4)
End-Date: 2020-07-31  16:40:57

Start-Date: 2020-07-31  16:41:03
Commandline: apt-get install --reinstall libpam-runtime
Reinstall: libpam-runtime:amd64 (1.3.1-5ubuntu4)
End-Date: 2020-07-31  16:41:07

Start-Date: 2020-07-31  16:41:13
Commandline: apt-get install --reinstall libpam0g:amd64
Reinstall: libpam0g:amd64 (1.3.1-5ubuntu4)
End-Date: 2020-07-31  16:41:17

Start-Date: 2020-07-31  16:41:24
Commandline: apt-get install --reinstall libpcre2-8-0:amd64
Reinstall: libpcre2-8-0:amd64 (10.34-7)
End-Date: 2020-07-31  16:41:27

Start-Date: 2020-07-31  16:41:34
Commandline: apt-get install --reinstall libpcre3:amd64
Reinstall: libpcre3:amd64 (2:8.39-12build1)
End-Date: 2020-07-31  16:41:37

Start-Date: 2020-07-31  16:41:44
Commandline: apt-get install --reinstall libprocps8:amd64
Reinstall: libprocps8:amd64 (2:3.3.16-1ubuntu2)
End-Date: 2020-07-31  16:41:46

Start-Date: 2020-07-31  16:41:53
Commandline: apt-get install --reinstall libseccomp2:amd64
Reinstall: libseccomp2:amd64 (2.4.3-1ubuntu1)
End-Date: 2020-07-31  16:41:56

Start-Date: 2020-07-31  16:42:02
Commandline: apt-get install --reinstall libselinux1:amd64
Reinstall: libselinux1:amd64 (3.0-1build2)
End-Date: 2020-07-31  16:42:05

Start-Date: 2020-07-31  16:42:12
Commandline: apt-get install --reinstall libsemanage-common
Reinstall: libsemanage-common:amd64 (3.0-1build2)
End-Date: 2020-07-31  16:42:15

Start-Date: 2020-07-31  16:42:21
Commandline: apt-get install --reinstall libsemanage1:amd64
Reinstall: libsemanage1:amd64 (3.0-1build2)
End-Date: 2020-07-31  16:42:25

Start-Date: 2020-07-31  16:42:31
Commandline: apt-get install --reinstall libsepol1:amd64
Reinstall: libsepol1:amd64 (3.0-1)
End-Date: 2020-07-31  16:42:34

Start-Date: 2020-07-31  16:42:41
Commandline: apt-get install --reinstall libsmartcols1:amd64
Reinstall: libsmartcols1:amd64 (2.34-0.1ubuntu9)
End-Date: 2020-07-31  16:42:44

Start-Date: 2020-07-31  16:42:50
Commandline: apt-get install --reinstall libss2:amd64
Reinstall: libss2:amd64 (1.45.5-2ubuntu1)
End-Date: 2020-07-31  16:42:53

Start-Date: 2020-07-31  16:43:00
Commandline: apt-get install --reinstall libstdc++6:amd64
Reinstall: libstdc++6:amd64 (10-20200411-0ubuntu1)
End-Date: 2020-07-31  16:43:04

Start-Date: 2020-07-31  16:43:10
Commandline: apt-get install --reinstall libsystemd0:amd64
Reinstall: libsystemd0:amd64 (245.4-4ubuntu3)
End-Date: 2020-07-31  16:43:14

Start-Date: 2020-07-31  16:43:21
Commandline: apt-get install --reinstall libtasn1-6:amd64
Reinstall: libtasn1-6:amd64 (4.16.0-2)
End-Date: 2020-07-31  16:43:25

Start-Date: 2020-07-31  16:43:31
Commandline: apt-get install --reinstall libtinfo6:amd64
Reinstall: libtinfo6:amd64 (6.2-0ubuntu2)
End-Date: 2020-07-31  16:43:35

Start-Date: 2020-07-31  16:43:42
Commandline: apt-get install --reinstall libudev1:amd64
Reinstall: libudev1:amd64 (245.4-4ubuntu3)
End-Date: 2020-07-31  16:43:45

Start-Date: 2020-07-31  16:43:52
Commandline: apt-get install --reinstall libunistring2:amd64
Reinstall: libunistring2:amd64 (0.9.10-2)
End-Date: 2020-07-31  16:43:55

Start-Date: 2020-07-31  16:44:01
Commandline: apt-get install --reinstall libuuid1:amd64
Reinstall: libuuid1:amd64 (2.34-0.1ubuntu9)
End-Date: 2020-07-31  16:44:04

Start-Date: 2020-07-31  16:44:11
Commandline: apt-get install --reinstall libzstd1:amd64
Reinstall: libzstd1:amd64 (1.4.4+dfsg-3)
End-Date: 2020-07-31  16:44:14

Start-Date: 2020-07-31  16:44:21
Commandline: apt-get install --reinstall login
Reinstall: login:amd64 (1:4.8.1-1ubuntu5)
End-Date: 2020-07-31  16:44:24

Start-Date: 2020-07-31  16:44:30
Commandline: apt-get install --reinstall logsave
Reinstall: logsave:amd64 (1.45.5-2ubuntu1)
End-Date: 2020-07-31  16:44:33

Start-Date: 2020-07-31  16:44:40
Commandline: apt-get install --reinstall lsb-base
Reinstall: lsb-base:amd64 (11.1.0ubuntu2)
End-Date: 2020-07-31  16:44:43

Start-Date: 2020-07-31  16:44:50
Commandline: apt-get install --reinstall mawk
Reinstall: mawk:amd64 (1.3.4.20200120-2)
End-Date: 2020-07-31  16:44:53

Start-Date: 2020-07-31  16:44:59
Commandline: apt-get install --reinstall mount
Reinstall: mount:amd64 (2.34-0.1ubuntu9)
End-Date: 2020-07-31  16:45:01

Start-Date: 2020-07-31  16:45:08
Commandline: apt-get install --reinstall ncurses-base
Reinstall: ncurses-base:amd64 (6.2-0ubuntu2)
End-Date: 2020-07-31  16:45:12

Start-Date: 2020-07-31  16:45:19
Commandline: apt-get install --reinstall ncurses-bin
Reinstall: ncurses-bin:amd64 (6.2-0ubuntu2)
End-Date: 2020-07-31  16:45:22

Start-Date: 2020-07-31  16:45:30
Commandline: apt-get install --reinstall passwd
Reinstall: passwd:amd64 (1:4.8.1-1ubuntu5)
End-Date: 2020-07-31  16:45:35

Start-Date: 2020-07-31  16:45:42
Commandline: apt-get install --reinstall perl-base
Reinstall: perl-base:amd64 (5.30.0-9build1)
End-Date: 2020-07-31  16:45:46

Start-Date: 2020-07-31  16:45:52
Commandline: apt-get install --reinstall procps
Reinstall: procps:amd64 (2:3.3.16-1ubuntu2)
End-Date: 2020-07-31  16:45:56

Start-Date: 2020-07-31  16:46:02
Commandline: apt-get install --reinstall sed
Reinstall: sed:amd64 (4.7-1)
End-Date: 2020-07-31  16:46:06

Start-Date: 2020-07-31  16:46:12
Commandline: apt-get install --reinstall sensible-utils
Reinstall: sensible-utils:amd64 (0.0.12+nmu1)
End-Date: 2020-07-31  16:46:15

Start-Date: 2020-07-31  16:46:21
Commandline: apt-get install --reinstall sysvinit-utils
Reinstall: sysvinit-utils:amd64 (2.96-2.1ubuntu1)
End-Date: 2020-07-31  16:46:24

Start-Date: 2020-07-31  16:46:30
Commandline: apt-get install --reinstall tar
Reinstall: tar:amd64 (1.30+dfsg-7)
End-Date: 2020-07-31  16:46:33

Start-Date: 2020-07-31  16:46:39
Commandline: apt-get install --reinstall ubuntu-keyring
Reinstall: ubuntu-keyring:amd64 (2020.02.11.2)
End-Date: 2020-07-31  16:46:42

Start-Date: 2020-07-31  16:46:49
Commandline: apt-get install --reinstall util-linux
Reinstall: util-linux:amd64 (2.34-0.1ubuntu9)
End-Date: 2020-07-31  16:46:53

Start-Date: 2020-07-31  16:46:59
Commandline: apt-get install --reinstall zlib1g:amd64
Reinstall: zlib1g:amd64 (1:1.2.11.dfsg-2ubuntu1)
End-Date: 2020-07-31  16:47:02

Start-Date: 2020-07-31  16:47:14
Commandline: apt-get --yes -oDebug::pkgDepCache::AutoInstall=yes --force-yes upgrade
Upgrade: libseccomp2:amd64 (2.4.3-1ubuntu1, 2.4.3-1ubuntu3.20.04.3), libsystemd0:amd64 (245.4-4ubuntu3, 245.4-4ubuntu3.2), apt:amd64 (2.0.2, 2.0.2ubuntu0.1), passwd:amd64 (1:4.8.1-1ubuntu5, 1:4.8.1-1ubuntu5.20.04), libapt-pkg6.0:amd64 (2.0.2, 2.0.2ubuntu0.1), libudev1:amd64 (245.4-4ubuntu3, 245.4-4ubuntu3.2), login:amd64 (1:4.8.1-1ubuntu5, 1:4.8.1-1ubuntu5.20.04), bash:amd64 (5.0-6ubuntu1, 5.0-6ubuntu1.1), libgnutls30:amd64 (3.6.13-2ubuntu1, 3.6.13-2ubuntu1.2), base-files:amd64 (11ubuntu5, 11ubuntu5.1)
End-Date: 2020-07-31  16:47:19

Start-Date: 2024-02-21  17:43:45
Commandline: apt-get install git build-essential cmake automake libtool autoconf libhwloc-dev libuv1-dev
Install: libmpc3:amd64 (1.1.0-1, automatic), libgssapi3-heimdal:amd64 (7.7.0+dfsg-1ubuntu1.4, automatic), libxdmcp6:amd64 (1:1.1.3-0ubuntu1, automatic), manpages:amd64 (5.05-1, automatic), libltdl-dev:amd64 (2.4.6-14, automatic), libkrb5-3:amd64 (1.17-6ubuntu4.4, automatic), autotools-dev:amd64 (20180224.1, automatic), libgssapi-krb5-2:amd64 (1.17-6ubuntu4.4, automatic), libnghttp2-14:amd64 (1.40.0-1ubuntu0.2, automatic), libwind0-heimdal:amd64 (7.7.0+dfsg-1ubuntu1.4, automatic), publicsuffix:amd64 (20200303.0012-1, automatic), gnupg-utils:amd64 (2.2.19-3ubuntu2.2, automatic), libsasl2-modules-db:amd64 (2.1.27+dfsg-2ubuntu0.1, automatic), m4:amd64 (1.4.18-4, automatic), linux-libc-dev:amd64 (5.4.0-172.190, automatic), libcurl4:amd64 (7.68.0-1ubuntu2.21, automatic), gpg-wks-client:amd64 (2.2.19-3ubuntu2.2, automatic), libldap-2.4-2:amd64 (2.4.49+dfsg-2ubuntu1.10, automatic), libmpfr6:amd64 (4.0.2-1, automatic), libhwloc-plugins:amd64 (2.1.0+dfsg-4, automatic), gcc-9-base:amd64 (9.4.0-1ubuntu1~20.04.2, automatic), openssl:amd64 (1.1.1f-1ubuntu2.21, automatic), gnupg-l10n:amd64 (2.2.19-3ubuntu2.2, automatic), libfakeroot:amd64 (1.24-1, automatic), libssh-4:amd64 (0.9.3-2ubuntu2.5, automatic), libc6-dev:amd64 (2.31-0ubuntu9.14, automatic), libctf-nobfd0:amd64 (2.34-6ubuntu1.8, automatic), git-man:amd64 (1:2.25.1-1ubuntu3.11, automatic), libbrotli1:amd64 (1.0.7-6ubuntu0.1, automatic), libpciaccess0:amd64 (0.16-0ubuntu1, automatic), libheimntlm0-heimdal:amd64 (7.7.0+dfsg-1ubuntu1.4, automatic), libksba8:amd64 (1.3.5-2ubuntu0.20.04.2, automatic), cpp-9:amd64 (9.4.0-1ubuntu1~20.04.2, automatic), libpsl5:amd64 (0.21.0-1ubuntu1, automatic), libalgorithm-diff-perl:amd64 (1.19.03-2, automatic), libsqlite3-0:amd64 (3.31.1-4ubuntu0.6, automatic), libalgorithm-merge-perl:amd64 (0.08-3, automatic), libicu66:amd64 (66.1-2ubuntu2.1, automatic), binutils:amd64 (2.34-6ubuntu1.8, automatic), cpp:amd64 (4:9.3.0-1ubuntu2, automatic), libbsd0:amd64 (0.10.0-1, automatic), libarchive13:amd64 (3.4.0-2ubuntu1.2, automatic), libitm1:amd64 (10.5.0-1ubuntu1~20.04, automatic), librhash0:amd64 (1.3.9-1, automatic), g++:amd64 (4:9.3.0-1ubuntu2, automatic), perl-modules-5.30:amd64 (5.30.0-9ubuntu0.5, automatic), libheimbase1-heimdal:amd64 (7.7.0+dfsg-1ubuntu1.4, automatic), gpg-wks-server:amd64 (2.2.19-3ubuntu2.2, automatic), netbase:amd64 (6.1, automatic), libnuma1:amd64 (2.0.12-1, automatic), automake:amd64 (1:1.16.1-4ubuntu6), gcc:amd64 (4:9.3.0-1ubuntu2, automatic), liblocale-gettext-perl:amd64 (1.07-4, automatic), git:amd64 (1:2.25.1-1ubuntu3.11), gpg:amd64 (2.2.19-3ubuntu2.2, automatic), libhwloc-dev:amd64 (2.1.0+dfsg-4), libk5crypto3:amd64 (1.17-6ubuntu4.4, automatic), cmake-data:amd64 (3.16.3-1ubuntu1.20.04.1, automatic), libsasl2-2:amd64 (2.1.27+dfsg-2ubuntu0.1, automatic), libasan5:amd64 (9.4.0-1ubuntu1~20.04.2, automatic), readline-common:amd64 (8.0-4, automatic), libquadmath0:amd64 (10.5.0-1ubuntu1~20.04, automatic), libuv1-dev:amd64 (1.34.2-1ubuntu1.3), libmagic1:amd64 (1:5.38-4, automatic), libassuan0:amd64 (2.5.3-7ubuntu2, automatic), libx11-6:amd64 (2:1.6.9-2ubuntu1.6, automatic), libisl22:amd64 (0.22.1-1, automatic), libexpat1:amd64 (2.2.9-1ubuntu0.6, automatic), libfido2-1:amd64 (1.3.1-1ubuntu2, automatic), libltdl7:amd64 (2.4.6-14, automatic), libstdc++-9-dev:amd64 (9.4.0-1ubuntu1~20.04.2, automatic), build-essential:amd64 (12.8ubuntu1.1), libfile-fcntllock-perl:amd64 (0.22-3build4, automatic), krb5-locales:amd64 (1.17-6ubuntu4.4, automatic), dirmngr:amd64 (2.2.19-3ubuntu2.2, automatic), libperl5.30:amd64 (5.30.0-9ubuntu0.5, automatic), binutils-x86-64-linux-gnu:amd64 (2.34-6ubuntu1.8, automatic), libxnvctrl0:amd64 (470.57.01-0ubuntu0.20.04.3, automatic), libcrypt-dev:amd64 (1:4.4.10-10ubuntu4, automatic), autoconf:amd64 (2.69-11.1), libuv1:amd64 (1.34.2-1ubuntu1.3, automatic), libhwloc15:amd64 (2.1.0+dfsg-4, automatic), libxau6:amd64 (1:1.0.9-0ubuntu1, automatic), libtsan0:amd64 (10.5.0-1ubuntu1~20.04, automatic), librtmp1:amd64 (2.4+20151223.gitfa8646d.1-2build1, automatic), libmagic-mgc:amd64 (1:5.38-4, automatic), libsasl2-modules:amd64 (2.1.27+dfsg-2ubuntu0.1, automatic), libubsan1:amd64 (10.5.0-1ubuntu1~20.04, automatic), g++-9:amd64 (9.4.0-1ubuntu1~20.04.2, automatic), libxcb1:amd64 (1.14-2, automatic), libkrb5support0:amd64 (1.17-6ubuntu4.4, automatic), make:amd64 (4.2.1-1.2, automatic), fakeroot:amd64 (1.24-1, automatic), libldap-common:amd64 (2.4.49+dfsg-2ubuntu1.10, automatic), libgdbm6:amd64 (1.18.1-5, automatic), gcc-9:amd64 (9.4.0-1ubuntu1~20.04.2, automatic), libhcrypto4-heimdal:amd64 (7.7.0+dfsg-1ubuntu1.4, automatic), libkeyutils1:amd64 (1.6-6ubuntu1.1, automatic), libxmuu1:amd64 (2:1.1.3-0ubuntu1, automatic), xz-utils:amd64 (5.2.4-1ubuntu1.1, automatic), liblsan0:amd64 (10.5.0-1ubuntu1~20.04, automatic), libgomp1:amd64 (10.5.0-1ubuntu1~20.04, automatic), libx11-data:amd64 (2:1.6.9-2ubuntu1.6, automatic), libreadline8:amd64 (8.0-4, automatic), openssh-client:amd64 (1:8.2p1-4ubuntu0.11, automatic), manpages-dev:amd64 (5.05-1, automatic), binutils-common:amd64 (2.34-6ubuntu1.8, automatic), libc-dev-bin:amd64 (2.31-0ubuntu9.14, automatic), libxml2:amd64 (2.9.10+dfsg-5ubuntu0.20.04.6, automatic), file:amd64 (1:5.38-4, automatic), libbinutils:amd64 (2.34-6ubuntu1.8, automatic), cmake:amd64 (3.16.3-1ubuntu1.20.04.1), libedit2:amd64 (3.1-20191231-1, automatic), libroken18-heimdal:amd64 (7.7.0+dfsg-1ubuntu1.4, automatic), ca-certificates:amd64 (20230311ubuntu0.20.04.1, automatic), perl:amd64 (5.30.0-9ubuntu0.5, automatic), xauth:amd64 (1:1.1-0ubuntu1, automatic), libasn1-8-heimdal:amd64 (7.7.0+dfsg-1ubuntu1.4, automatic), libkrb5-26-heimdal:amd64 (7.7.0+dfsg-1ubuntu1.4, automatic), ocl-icd-libopencl1:amd64 (2.2.11-1ubuntu1, automatic), libatomic1:amd64 (10.5.0-1ubuntu1~20.04, automatic), libjsoncpp1:amd64 (1.7.4-3.1ubuntu2, automatic), libssl1.1:amd64 (1.1.1f-1ubuntu2.21, automatic), gnupg:amd64 (2.2.19-3ubuntu2.2, automatic), libcc1-0:amd64 (10.5.0-1ubuntu1~20.04, automatic), libgdbm-compat4:amd64 (1.18.1-5, automatic), pinentry-curses:amd64 (1.1.0-3build1, automatic), libnpth0:amd64 (1.6-1, automatic), libdpkg-perl:amd64 (1.19.7ubuntu3.2, automatic), libhx509-5-heimdal:amd64 (7.7.0+dfsg-1ubuntu1.4, automatic), patch:amd64 (2.7.6-6, automatic), gpg-agent:amd64 (2.2.19-3ubuntu2.2, automatic), libcbor0.6:amd64 (0.6.0-0ubuntu1, automatic), libalgorithm-diff-xs-perl:amd64 (0.04-6, automatic), libcurl3-gnutls:amd64 (7.68.0-1ubuntu2.21, automatic), gpgconf:amd64 (2.2.19-3ubuntu2.2, automatic), less:amd64 (551-1ubuntu0.1, automatic), libtool:amd64 (2.4.6-14), libctf0:amd64 (2.34-6ubuntu1.8, automatic), libgcc-9-dev:amd64 (9.4.0-1ubuntu1~20.04.2, automatic), gpgsm:amd64 (2.2.19-3ubuntu2.2, automatic), dpkg-dev:amd64 (1.19.7ubuntu3.2, automatic), libxext6:amd64 (2:1.3.4-0ubuntu1, automatic), libnuma-dev:amd64 (2.0.12-1, automatic), libsigsegv2:amd64 (2.12-2, automatic), tzdata:amd64 (2023d-0ubuntu0.20.04, automatic), liberror-perl:amd64 (0.17029-1, automatic)
Upgrade: perl-base:amd64 (5.30.0-9build1, 5.30.0-9ubuntu0.5), gcc-10-base:amd64 (10-20200411-0ubuntu1, 10.5.0-1ubuntu1~20.04), libc6:amd64 (2.31-0ubuntu9, 2.31-0ubuntu9.14), gpgv:amd64 (2.2.19-3ubuntu2, 2.2.19-3ubuntu2.2), libgcc-s1:amd64 (10-20200411-0ubuntu1, 10.5.0-1ubuntu1~20.04), libstdc++6:amd64 (10-20200411-0ubuntu1, 10.5.0-1ubuntu1~20.04)
End-Date: 2024-02-21  17:47:51

Start-Date: 2024-02-21  17:56:34
Commandline: apt install libssl-dev -y
Install: libssl-dev:amd64 (1.1.1f-1ubuntu2.21)
End-Date: 2024-02-21  17:56:36
